Started GET "/" for ::1 at 2022-06-29 20:48:01 +0900
  [1m[35m (3.2ms)[0m  [1m[34mSELECT sqlite_version(*)[0m
Processing by Rails::WelcomeController#index as HTML
  Rendering C:/Ruby31-x64/lib/ruby/gems/3.1.0/gems/railties-7.0.3/lib/rails/templates/rails/welcome/index.html.erb
  Rendered C:/Ruby31-x64/lib/ruby/gems/3.1.0/gems/railties-7.0.3/lib/rails/templates/rails/welcome/index.html.erb (Duration: 3.1ms | Allocations: 648)
Completed 200 OK in 31ms (Views: 11.5ms | ActiveRecord: 0.0ms | Allocations: 5130)


Started GET "/" for ::1 at 2022-06-29 20:49:35 +0900
Processing by Rails::WelcomeController#index as HTML
  Rendering C:/Ruby31-x64/lib/ruby/gems/3.1.0/gems/railties-7.0.3/lib/rails/templates/rails/welcome/index.html.erb
  Rendered C:/Ruby31-x64/lib/ruby/gems/3.1.0/gems/railties-7.0.3/lib/rails/templates/rails/welcome/index.html.erb (Duration: 0.5ms | Allocations: 307)
Completed 200 OK in 3ms (Views: 1.4ms | ActiveRecord: 0.0ms | Allocations: 997)


Started GET "/" for 127.0.0.1 at 2022-06-29 20:54:09 +0900
  [1m[35m (0.7ms)[0m  [1m[34mSELECT sqlite_version(*)[0m
Processing by Rails::WelcomeController#index as HTML
  Rendering C:/Ruby31-x64/lib/ruby/gems/3.1.0/gems/railties-7.0.3/lib/rails/templates/rails/welcome/index.html.erb
  Rendered C:/Ruby31-x64/lib/ruby/gems/3.1.0/gems/railties-7.0.3/lib/rails/templates/rails/welcome/index.html.erb (Duration: 1.0ms | Allocations: 521)
Completed 200 OK in 11ms (Views: 3.6ms | ActiveRecord: 0.0ms | Allocations: 3587)


Started GET "/home/top" for ::1 at 2022-06-29 20:54:56 +0900
Processing by HomeController#top as HTML
  Rendering layout layouts/application.html.erb
  Rendering home/top.html.erb within layouts/application
  Rendered home/top.html.erb within layouts/application (Duration: 0.3ms | Allocations: 136)
  Rendered layout layouts/application.html.erb (Duration: 190.7ms | Allocations: 76465)
Completed 500 Internal Server Error in 194ms (ActiveRecord: 0.0ms | Allocations: 77482)


  
ActionView::Template::Error (Permission denied @ rb_file_s_rename - (C:/Users/sumio/rol_p/tmp/cache/assets/sprockets/v4.0.0/_l/_lq9jEs1xx_kJZNov5A6sPWnRVKRgejK8447Zb-viBs.cache.21120.30396.116139, C:/Users/sumio/rol_p/tmp/cache/assets/sprockets/v4.0.0/_l/_lq9jEs1xx_kJZNov5A6sPWnRVKRgejK8447Zb-viBs.cache)):
  
sprockets (4.1.1) lib/sprockets/path_utils.rb:362:in `rename'
sprockets (4.1.1) lib/sprockets/path_utils.rb:362:in `atomic_write'
sprockets (4.1.1) lib/sprockets/cache/file_store.rb:112:in `set'
sprockets (4.1.1) lib/sprockets/cache.rb:227:in `set'
sprockets (4.1.1) lib/sprockets/cache.rb:143:in `set'
sprockets (4.1.1) lib/sprockets/loader.rb:266:in `store_asset'
sprockets (4.1.1) lib/sprockets/loader.rb:226:in `load_from_unloaded'
sprockets (4.1.1) lib/sprockets/loader.rb:59:in `block in load'
sprockets (4.1.1) lib/sprockets/loader.rb:337:in `fetch_asset_from_dependency_cache'
sprockets (4.1.1) lib/sprockets/loader.rb:43:in `load'
sprockets (4.1.1) lib/sprockets/cached_environment.rb:44:in `block in load'
sprockets (4.1.1) lib/sprockets/cached_environment.rb:44:in `fetch'
sprockets (4.1.1) lib/sprockets/cached_environment.rb:44:in `load'
sprockets (4.1.1) lib/sprockets/bundle.rb:32:in `block in call'
C:/Ruby31-x64/lib/ruby/3.1.0/set.rb:511:in `each_key'
C:/Ruby31-x64/lib/ruby/3.1.0/set.rb:511:in `each'
sprockets (4.1.1) lib/sprockets/bundle.rb:31:in `call'
sprockets (4.1.1) lib/sprockets/processor_utils.rb:84:in `call_processor'
sprockets (4.1.1) lib/sprockets/processor_utils.rb:66:in `block in call_processors'
sprockets (4.1.1) lib/sprockets/processor_utils.rb:65:in `reverse_each'
sprockets (4.1.1) lib/sprockets/processor_utils.rb:65:in `call_processors'
sprockets (4.1.1) lib/sprockets/loader.rb:182:in `load_from_unloaded'
sprockets (4.1.1) lib/sprockets/loader.rb:59:in `block in load'
sprockets (4.1.1) lib/sprockets/loader.rb:337:in `fetch_asset_from_dependency_cache'
sprockets (4.1.1) lib/sprockets/loader.rb:43:in `load'
sprockets (4.1.1) lib/sprockets/cached_environment.rb:44:in `block in load'
sprockets (4.1.1) lib/sprockets/cached_environment.rb:44:in `fetch'
sprockets (4.1.1) lib/sprockets/cached_environment.rb:44:in `load'
sprockets (4.1.1) lib/sprockets/base.rb:81:in `find_asset'
sprockets (4.1.1) lib/sprockets/base.rb:88:in `find_all_linked_assets'
sprockets (4.1.1) lib/sprockets/manifest.rb:125:in `each'
sprockets (4.1.1) lib/sprockets/manifest.rb:125:in `to_a'
sprockets (4.1.1) lib/sprockets/manifest.rb:125:in `block (2 levels) in find'
concurrent-ruby (1.1.10) lib/concurrent-ruby/concurrent/executor/safe_task_executor.rb:24:in `block in execute'
concurrent-ruby (1.1.10) lib/concurrent-ruby/concurrent/synchronization/mutex_lockable_object.rb:47:in `block in synchronize'
concurrent-ruby (1.1.10) lib/concurrent-ruby/concurrent/synchronization/mutex_lockable_object.rb:47:in `synchronize'
concurrent-ruby (1.1.10) lib/concurrent-ruby/concurrent/synchronization/mutex_lockable_object.rb:47:in `synchronize'
concurrent-ruby (1.1.10) lib/concurrent-ruby/concurrent/executor/safe_task_executor.rb:22:in `execute'
concurrent-ruby (1.1.10) lib/concurrent-ruby/concurrent/promise.rb:564:in `block in realize'
concurrent-ruby (1.1.10) lib/concurrent-ruby/concurrent/executor/ruby_thread_pool_executor.rb:352:in `run_task'
concurrent-ruby (1.1.10) lib/concurrent-ruby/concurrent/executor/ruby_thread_pool_executor.rb:343:in `block (3 levels) in create_worker'
concurrent-ruby (1.1.10) lib/concurrent-ruby/concurrent/executor/ruby_thread_pool_executor.rb:334:in `loop'
concurrent-ruby (1.1.10) lib/concurrent-ruby/concurrent/executor/ruby_thread_pool_executor.rb:334:in `block (2 levels) in create_worker'
concurrent-ruby (1.1.10) lib/concurrent-ruby/concurrent/executor/ruby_thread_pool_executor.rb:333:in `catch'
concurrent-ruby (1.1.10) lib/concurrent-ruby/concurrent/executor/ruby_thread_pool_executor.rb:333:in `block in create_worker'
Started GET "/home/top" for ::1 at 2022-06-29 21:04:29 +0900
  [1m[35m (0.7ms)[0m  [1m[34mSELECT sqlite_version(*)[0m
Processing by HomeController#top as HTML
  Rendering layout layouts/application.html.erb
  Rendering home/top.html.erb within layouts/application
  Rendered home/top.html.erb within layouts/application (Duration: 0.8ms | Allocations: 335)
  Rendered layout layouts/application.html.erb (Duration: 66.5ms | Allocations: 25121)
Completed 200 OK in 77ms (Views: 70.6ms | ActiveRecord: 0.0ms | Allocations: 28350)


Started GET "/home/top" for ::1 at 2022-06-29 21:08:43 +0900
Processing by HomeController#top as HTML
  Rendering layout layouts/application.html.erb
  Rendering home/top.html.erb within layouts/application
  Rendered home/top.html.erb within layouts/application (Duration: 0.1ms | Allocations: 28)
  Rendered layout layouts/application.html.erb (Duration: 2.4ms | Allocations: 1526)
Completed 200 OK in 4ms (Views: 3.1ms | Allocations: 2152)


Started GET "/top" for ::1 at 2022-06-29 21:11:52 +0900
Processing by HomeController#top as HTML
  Rendering layout layouts/application.html.erb
  Rendering home/top.html.erb within layouts/application
  Rendered home/top.html.erb within layouts/application (Duration: 0.2ms | Allocations: 145)
  Rendered layout layouts/application.html.erb (Duration: 2.7ms | Allocations: 1783)
Completed 200 OK in 6ms (Views: 4.9ms | Allocations: 2727)


Started GET "/about" for ::1 at 2022-06-29 21:12:08 +0900
Processing by HomeController#about as HTML
  Rendering layout layouts/application.html.erb
  Rendering home/about.html.erb within layouts/application
  Rendered home/about.html.erb within layouts/application (Duration: 0.3ms | Allocations: 111)
  Rendered layout layouts/application.html.erb (Duration: 2.5ms | Allocations: 1333)
Completed 200 OK in 4ms (Views: 2.9ms | Allocations: 1679)


Started GET "/about" for ::1 at 2022-06-29 21:12:37 +0900
Processing by HomeController#about as HTML
  Rendering layout layouts/application.html.erb
  Rendering home/about.html.erb within layouts/application
  Rendered home/about.html.erb within layouts/application (Duration: 0.3ms | Allocations: 139)
  Rendered layout layouts/application.html.erb (Duration: 3.1ms | Allocations: 1788)
Completed 200 OK in 7ms (Views: 5.6ms | Allocations: 2591)


Started GET "/about" for ::1 at 2022-06-29 21:17:14 +0900
Processing by HomeController#about as HTML
  Rendering layout layouts/application.html.erb
  Rendering home/about.html.erb within layouts/application
  Rendered home/about.html.erb within layouts/application (Duration: 0.5ms | Allocations: 148)
  Rendered layout layouts/application.html.erb (Duration: 78.6ms | Allocations: 15586)
Completed 500 Internal Server Error in 83ms (Allocations: 16387)


  
LoadError (cannot load such file -- sassc):
  
app/views/layouts/application.html.erb:9
Started GET "/about" for ::1 at 2022-06-29 21:17:56 +0900
Processing by HomeController#about as HTML
  Rendering layout layouts/application.html.erb
  Rendering home/about.html.erb within layouts/application
  Rendered home/about.html.erb within layouts/application (Duration: 0.0ms | Allocations: 20)
  Rendered layout layouts/application.html.erb (Duration: 77.9ms | Allocations: 15186)
Completed 500 Internal Server Error in 79ms (Allocations: 15468)


  
LoadError (cannot load such file -- sassc):
  
app/views/layouts/application.html.erb:9
Started GET "/about" for ::1 at 2022-06-29 21:17:58 +0900
Processing by HomeController#about as HTML
  Rendering layout layouts/application.html.erb
  Rendering home/about.html.erb within layouts/application
  Rendered home/about.html.erb within layouts/application (Duration: 0.0ms | Allocations: 20)
  Rendered layout layouts/application.html.erb (Duration: 8.1ms | Allocations: 3323)
Completed 500 Internal Server Error in 9ms (Allocations: 3572)


  
LoadError (cannot load such file -- sassc):
  
app/views/layouts/application.html.erb:9
Started GET "/about" for ::1 at 2022-06-29 21:18:28 +0900
Processing by HomeController#about as HTML
  Rendering layout layouts/application.html.erb
  Rendering home/about.html.erb within layouts/application
  Rendered home/about.html.erb within layouts/application (Duration: 0.0ms | Allocations: 20)
  Rendered layout layouts/application.html.erb (Duration: 51.7ms | Allocations: 13128)
Completed 500 Internal Server Error in 53ms (Allocations: 13377)


  
LoadError (cannot load such file -- sassc):
  
app/views/layouts/application.html.erb:9
Started GET "/about" for ::1 at 2022-06-29 21:20:21 +0900
Processing by HomeController#about as HTML
  Rendering layout layouts/application.html.erb
  Rendering home/about.html.erb within layouts/application
  Rendered home/about.html.erb within layouts/application (Duration: 0.3ms | Allocations: 147)
  Rendered layout layouts/application.html.erb (Duration: 47.8ms | Allocations: 13735)
Completed 500 Internal Server Error in 52ms (Allocations: 14491)


  
LoadError (cannot load such file -- sassc):
  
app/views/layouts/application.html.erb:9
Started GET "/home/top" for ::1 at 2022-06-29 21:20:24 +0900
  
ActionController::RoutingError (No route matches [GET] "/home/top"):
  
Started GET "/top" for ::1 at 2022-06-29 21:20:30 +0900
Processing by HomeController#top as HTML
  Rendering layout layouts/application.html.erb
  Rendering home/top.html.erb within layouts/application
  Rendered home/top.html.erb within layouts/application (Duration: 0.3ms | Allocations: 121)
  Rendered layout layouts/application.html.erb (Duration: 8.3ms | Allocations: 3554)
Completed 500 Internal Server Error in 10ms (Allocations: 3887)


  
LoadError (cannot load such file -- sassc):
  
app/views/layouts/application.html.erb:9
Started GET "/top" for ::1 at 2022-06-29 21:20:48 +0900
Processing by HomeController#top as HTML
  Rendering layout layouts/application.html.erb
  Rendering home/top.html.erb within layouts/application
  Rendered home/top.html.erb within layouts/application (Duration: 0.3ms | Allocations: 150)
  Rendered layout layouts/application.html.erb (Duration: 13.9ms | Allocations: 4250)
Completed 200 OK in 19ms (Views: 17.6ms | Allocations: 5041)


Started GET "/about" for ::1 at 2022-06-29 21:21:01 +0900
Processing by HomeController#about as HTML
  Rendering layout layouts/application.html.erb
  Rendering home/about.html.erb within layouts/application
  Rendered home/about.html.erb within layouts/application (Duration: 0.3ms | Allocations: 120)
  Rendered layout layouts/application.html.erb (Duration: 2.7ms | Allocations: 1409)
Completed 200 OK in 4ms (Views: 3.2ms | Allocations: 1755)


Started GET "/" for ::1 at 2022-06-29 21:25:28 +0900
Processing by HomeController#top as HTML
  Rendering layout layouts/application.html.erb
  Rendering home/top.html.erb within layouts/application
  Rendered home/top.html.erb within layouts/application (Duration: 0.1ms | Allocations: 28)
  Rendered layout layouts/application.html.erb (Duration: 11.0ms | Allocations: 3981)
Completed 200 OK in 13ms (Views: 12.0ms | Allocations: 4603)


Started GET "/" for ::1 at 2022-06-29 21:27:27 +0900
Processing by HomeController#top as HTML
  Rendering layout layouts/application.html.erb
  Rendering home/top.html.erb within layouts/application
  Rendered home/top.html.erb within layouts/application (Duration: 0.3ms | Allocations: 152)
  Rendered layout layouts/application.html.erb (Duration: 3.2ms | Allocations: 1873)
Completed 200 OK in 7ms (Views: 6.1ms | Allocations: 2813)


Started GET "/" for ::1 at 2022-06-29 21:27:35 +0900
Processing by HomeController#top as HTML
  Rendering layout layouts/application.html.erb
  Rendering home/top.html.erb within layouts/application
  Rendered home/top.html.erb within layouts/application (Duration: 0.0ms | Allocations: 20)
  Rendered layout layouts/application.html.erb (Duration: 2.7ms | Allocations: 1311)
Completed 200 OK in 4ms (Views: 3.2ms | Allocations: 1603)


Started GET "/" for ::1 at 2022-06-29 21:28:05 +0900
Processing by HomeController#top as HTML
  Rendering layout layouts/application.html.erb
  Rendering home/top.html.erb within layouts/application
  Rendered home/top.html.erb within layouts/application (Duration: 0.3ms | Allocations: 148)
  Rendered layout layouts/application.html.erb (Duration: 3.2ms | Allocations: 1844)
Completed 200 OK in 7ms (Views: 5.8ms | Allocations: 2640)


Started GET "/" for ::1 at 2022-06-29 21:28:06 +0900
Processing by HomeController#top as HTML
  Rendering layout layouts/application.html.erb
  Rendering home/top.html.erb within layouts/application
  Rendered home/top.html.erb within layouts/application (Duration: 0.0ms | Allocations: 20)
  Rendered layout layouts/application.html.erb (Duration: 2.5ms | Allocations: 1338)
Completed 200 OK in 4ms (Views: 3.0ms | Allocations: 1631)


Started GET "/" for ::1 at 2022-06-29 21:28:45 +0900
Processing by HomeController#top as HTML
  Rendering layout layouts/application.html.erb
  Rendering home/top.html.erb within layouts/application
  Rendered home/top.html.erb within layouts/application (Duration: 0.3ms | Allocations: 148)
  Rendered layout layouts/application.html.erb (Duration: 3.2ms | Allocations: 1850)
Completed 200 OK in 7ms (Views: 5.5ms | Allocations: 2646)


Started GET "/about" for ::1 at 2022-06-29 21:28:47 +0900
Processing by HomeController#about as HTML
  Rendering layout layouts/application.html.erb
  Rendering home/about.html.erb within layouts/application
  Rendered home/about.html.erb within layouts/application (Duration: 0.3ms | Allocations: 121)
  Rendered layout layouts/application.html.erb (Duration: 2.9ms | Allocations: 1400)
Completed 200 OK in 4ms (Views: 3.6ms | Allocations: 1746)


Started GET "/" for ::1 at 2022-06-29 21:28:50 +0900
Processing by HomeController#top as HTML
  Rendering layout layouts/application.html.erb
  Rendering home/top.html.erb within layouts/application
  Rendered home/top.html.erb within layouts/application (Duration: 0.0ms | Allocations: 20)
  Rendered layout layouts/application.html.erb (Duration: 2.2ms | Allocations: 1305)
Completed 200 OK in 3ms (Views: 2.7ms | Allocations: 1580)


Started GET "/about" for ::1 at 2022-06-29 21:28:52 +0900
Processing by HomeController#about as HTML
  Rendering layout layouts/application.html.erb
  Rendering home/about.html.erb within layouts/application
  Rendered home/about.html.erb within layouts/application (Duration: 0.0ms | Allocations: 20)
  Rendered layout layouts/application.html.erb (Duration: 2.1ms | Allocations: 1323)
Completed 200 OK in 3ms (Views: 2.5ms | Allocations: 1598)


Started GET "/about" for ::1 at 2022-06-29 21:29:58 +0900
Processing by HomeController#about as HTML
  Rendering layout layouts/application.html.erb
  Rendering home/about.html.erb within layouts/application
  Rendered home/about.html.erb within layouts/application (Duration: 0.3ms | Allocations: 147)
  Rendered layout layouts/application.html.erb (Duration: 3.5ms | Allocations: 1849)
Completed 200 OK in 7ms (Views: 6.1ms | Allocations: 2645)


Started GET "/about" for ::1 at 2022-06-29 21:30:01 +0900
Processing by HomeController#about as HTML
  Rendering layout layouts/application.html.erb
  Rendering home/about.html.erb within layouts/application
  Rendered home/about.html.erb within layouts/application (Duration: 0.1ms | Allocations: 20)
  Rendered layout layouts/application.html.erb (Duration: 2.4ms | Allocations: 1320)
Completed 200 OK in 3ms (Views: 3.0ms | Allocations: 1613)


Started GET "/" for ::1 at 2022-06-29 21:30:04 +0900
Processing by HomeController#top as HTML
  Rendering layout layouts/application.html.erb
  Rendering home/top.html.erb within layouts/application
  Rendered home/top.html.erb within layouts/application (Duration: 0.4ms | Allocations: 123)
  Rendered layout layouts/application.html.erb (Duration: 3.3ms | Allocations: 1429)
Completed 200 OK in 5ms (Views: 4.4ms | Allocations: 1757)


Started GET "/about" for ::1 at 2022-06-29 21:30:06 +0900
Processing by HomeController#about as HTML
  Rendering layout layouts/application.html.erb
  Rendering home/about.html.erb within layouts/application
  Rendered home/about.html.erb within layouts/application (Duration: 0.0ms | Allocations: 20)
  Rendered layout layouts/application.html.erb (Duration: 2.1ms | Allocations: 1302)
Completed 200 OK in 3ms (Views: 2.5ms | Allocations: 1577)


Started GET "/about" for ::1 at 2022-06-29 21:30:33 +0900
Processing by HomeController#about as HTML
  Rendering layout layouts/application.html.erb
  Rendering home/about.html.erb within layouts/application
  Rendered home/about.html.erb within layouts/application (Duration: 0.3ms | Allocations: 150)
  Rendered layout layouts/application.html.erb (Duration: 3.4ms | Allocations: 1843)
Completed 200 OK in 7ms (Views: 5.8ms | Allocations: 2639)


Started GET "/about" for ::1 at 2022-06-29 21:30:35 +0900
Processing by HomeController#about as HTML
  Rendering layout layouts/application.html.erb
  Rendering home/about.html.erb within layouts/application
  Rendered home/about.html.erb within layouts/application (Duration: 0.0ms | Allocations: 20)
  Rendered layout layouts/application.html.erb (Duration: 2.5ms | Allocations: 1317)
Completed 200 OK in 4ms (Views: 3.2ms | Allocations: 1610)


Started GET "/about" for ::1 at 2022-06-29 21:31:36 +0900
Processing by HomeController#about as HTML
  Rendering layout layouts/application.html.erb
  Rendering home/about.html.erb within layouts/application
  Rendered home/about.html.erb within layouts/application (Duration: 0.0ms | Allocations: 20)
  Rendered layout layouts/application.html.erb (Duration: 2.4ms | Allocations: 1296)
Completed 200 OK in 4ms (Views: 3.0ms | Allocations: 1571)


Started GET "/about" for ::1 at 2022-06-29 21:37:27 +0900
  [1m[35m (0.6ms)[0m  [1m[34mSELECT sqlite_version(*)[0m
Processing by HomeController#about as HTML
  Rendering layout layouts/application.html.erb
  Rendering home/about.html.erb within layouts/application
  Rendered home/about.html.erb within layouts/application (Duration: 1.0ms | Allocations: 346)
  Rendered layout layouts/application.html.erb (Duration: 76.9ms | Allocations: 27689)
Completed 200 OK in 88ms (Views: 81.4ms | ActiveRecord: 0.0ms | Allocations: 30933)


Started GET "/" for ::1 at 2022-06-29 21:37:29 +0900
Processing by HomeController#top as HTML
  Rendering layout layouts/application.html.erb
  Rendering home/top.html.erb within layouts/application
  Rendered home/top.html.erb within layouts/application (Duration: 0.4ms | Allocations: 143)
  Rendered layout layouts/application.html.erb (Duration: 2.8ms | Allocations: 1587)
Completed 200 OK in 5ms (Views: 3.7ms | ActiveRecord: 0.0ms | Allocations: 2009)


